<?xml version="1.0" encoding="UTF-8"?>
<testsuite xmlns:xsi="http://www.w3.org/2001/XMLSchema-instance" xsi:noNamespaceSchemaLocation="https://maven.apache.org/surefire/maven-failsafe-plugin/xsd/failsafe-test-report-3.0.xsd" version="3.0" name="com.nttdata.runners.RunnerTest" time="4.128" tests="1" errors="0" skipped="0" failures="1">
  <properties>
[...]
</properties>
  <testcase name="Agregar productos al carrito de compras" classname="Validar funcionalidad del carrito de compras" time="0.609">
    <failure message="The page object class com.nttdata.screens.CartScreen could not be instantiated:&#10;Failed to instantiate page (net.thucydides.core.webdriver.DriverConfigurationError: Could not instantiate class net.thucydides.core.webdriver.ProvidedDriver)" type="net.thucydides.core.pages.WrongPageError"><![CDATA[net.thucydides.core.pages.WrongPageError: 
The page object class com.nttdata.screens.CartScreen could not be instantiated:
Failed to instantiate page (net.thucydides.core.webdriver.DriverConfigurationError: Could not instantiate class net.thucydides.core.webdriver.ProvidedDriver)
]]></failure>
    <system-out><![CDATA[20:22:15.365 [main] DEBUG net.thucydides.core.guice.Injectors -- Created injector for module net.thucydides.core.guice.ThucydidesModule
20:22:15.443 [main] INFO io.cucumber.core.plugin.SerenityReporter -- Running feature from file:///E:/QA%20NTT%20DATA/AutomatizacionMobile/ExamMobile/src/test/resources/features/carrito.feature
20:22:15.537 [main] DEBUG net.thucydides.core.guice.Injectors -- Created injector for module net.thucydides.core.guice.webdriver.WebDriverModule
20:22:15.550 [main] INFO  -- 

-------------------------------------------------------------------------------------
     _______. _______ .______       _______ .__   __.  __  .___________.____    ____ 
    /       ||   ____||   _  \     |   ____||  \ |  | |  | |           |\   \  /   / 
   |   (----`|  |__   |  |_)  |    |  |__   |   \|  | |  | `---|  |----` \   \/   /  
    \   \    |   __|  |      /     |   __|  |  . `  | |  |     |  |       \_    _/   
.----)   |   |  |____ |  |\  \----.|  |____ |  |\   | |  |     |  |         |  |     
|_______/    |_______|| _| `._____||_______||__| \__| |__|     |__|         |__|    
                                                                                     
 News and tutorials at http://www.serenity-bdd.info                                  
 Documentation at https://wakaleo.gitbooks.io/the-serenity-book/content/             
 Join the Serenity Community on Gitter: https://gitter.im/serenity-bdd/serenity-core 
 Serenity BDD Support and Training at http://serenity-bdd.info/#/trainingandsupport  
-------------------------------------------------------------------------------------

20:22:15.552 [main] DEBUG net.thucydides.core.steps.StepEventBus -- Test suite started for story net.thucydides.core.model.Story@b9816cbc
20:22:15.553 [main] INFO  -- Test Suite Started: Validar funcionalidad del carrito de compras
20:22:15.561 [main] INFO io.cucumber.core.plugin.SerenityReporter -- Running feature from file:///E:/QA%20NTT%20DATA/AutomatizacionMobile/ExamMobile/src/test/resources/features/carrito.feature
20:22:15.563 [main] DEBUG net.thucydides.core.steps.StepEventBus -- Test suite started for story net.thucydides.core.model.Story@b9816cbc
20:22:15.563 [main] INFO  -- Test Suite Started: Validar funcionalidad del carrito de compras

@test
Scenario Outline: Agregar productos al carrito de compras          &amp#27;[90m# src/test/resources/features/carrito.feature:13&amp#27;[0m
20:22:15.617 [main] INFO io.cucumber.core.plugin.SerenityReporter -- Running feature from file:///E:/QA%20NTT%20DATA/AutomatizacionMobile/ExamMobile/src/test/resources/features/carrito.feature
20:22:15.695 [main] INFO  -- 
  _____   ___   ___   _____     ___   _____     _     ___   _____   ___   ___  
 |_   _| | __| / __| |_   _|   / __| |_   _|   /_\   | _ \ |_   _| | __| |   \ 
   | |   | _|  \__ \   | |     \__ \   | |    / _ \  |   /   | |   | _|  | |) |
   |_|   |___| |___/   |_|     |___/   |_|   /_/ \_\ |_|_\   |_|   |___| |___/ 

Agregar productos al carrito de compras(validar-funcionalidad-del-carrito-de-compras;agregar-productos-al-carrito-de-compras)
--------------------------------------------------------------------------------
20:22:16.048 [main] WARN net.thucydides.core.pages.PageFactory -- Failed to instantiate page of type class com.nttdata.screens.CartScreen ({})
net.thucydides.core.webdriver.DriverConfigurationError: Could not instantiate class net.thucydides.core.webdriver.ProvidedDriver
	at net.thucydides.core.webdriver.WebDriverFacade.newDriverInstance(WebDriverFacade.java:164)
	at net.thucydides.core.webdriver.WebDriverFacade.newProxyDriver(WebDriverFacade.java:152)
	at net.thucydides.core.webdriver.WebDriverFacade.getProxiedDriver(WebDriverFacade.java:122)
	at net.serenitybdd.core.webdriver.RemoteDriver.of(RemoteDriver.java:18)
	at net.thucydides.core.webdriver.appium.AppiumConfiguration.getTargetPlatform(AppiumConfiguration.java:59)
	at net.thucydides.core.webdriver.ElementLocatorFactorySelector.platformFor(ElementLocatorFactorySelector.java:51)
	at net.thucydides.core.webdriver.ElementLocatorFactorySelector.getLocatorFor(ElementLocatorFactorySelector.java:41)
	at net.thucydides.core.webdriver.ElementLocatorFactorySelector.getLocatorFor(ElementLocatorFactorySelector.java:30)
	at net.thucydides.core.annotations.locators.SmartElementProxyCreator.proxyElements(SmartElementProxyCreator.java:21)
	at net.thucydides.core.webdriver.DefaultPageObjectInitialiser.apply(DefaultPageObjectInitialiser.java:20)
	at net.serenitybdd.core.pages.PageObject.setDriver(PageObject.java:167)
	at net.serenitybdd.core.pages.PageObject.setDriver(PageObject.java:171)
	at net.thucydides.core.pages.PageFactory.createFromSimpleConstructor(PageFactory.java:68)
	at net.thucydides.core.pages.PageFactory.createPageOfType(PageFactory.java:38)
	at net.thucydides.core.steps.PageObjectDependencyInjector.instantiatePageObjectIfNotAssigned(PageObjectDependencyInjector.java:83)
	at net.thucydides.core.steps.PageObjectDependencyInjector.injectDependenciesInto(PageObjectDependencyInjector.java:50)
	at net.thucydides.core.steps.StepFactory.injectOtherDependenciesInto(StepFactory.java:206)
	at net.thucydides.core.steps.StepFactory.instantiateNewStepLibraryFor(StepFactory.java:196)
	at net.thucydides.core.steps.StepFactory.instantiateNewStepLibraryFor(StepFactory.java:177)
	at net.thucydides.core.steps.StepFactory.getNewStepLibraryFor(StepFactory.java:124)
	at net.thucydides.core.steps.IndividualInstancesByDefaultStepCreationStrategy.initiateStepsFor(IndividualInstancesByDefaultStepCreationStrategy.java:16)
	at net.thucydides.core.steps.StepAnnotations.instantiateAnyUnitiaializedSteps(StepAnnotations.java:89)
	at net.thucydides.core.steps.StepAnnotations.instanciateScenarioStepFields(StepAnnotations.java:70)
	at net.thucydides.core.steps.StepAnnotations.injectScenarioStepsInto(StepAnnotations.java:52)
	at net.serenitybdd.core.Serenity.injectScenarioStepsInto(Serenity.java:148)
	at net.serenitybdd.core.Serenity.initializeWithNoStepListener(Serenity.java:112)
	at cucumber.runtime.SerenityObjectFactory.newInstance(SerenityObjectFactory.java:76)
	at cucumber.runtime.SerenityObjectFactory.cacheNewInstance(SerenityObjectFactory.java:59)
	at cucumber.runtime.SerenityObjectFactory.getInstance(SerenityObjectFactory.java:49)
	at io.cucumber.java.AbstractGlueDefinition.invokeMethod(AbstractGlueDefinition.java:47)
	at io.cucumber.java.JavaStepDefinition.execute(JavaStepDefinition.java:29)
	at io.cucumber.core.runner.CoreStepDefinition.execute(CoreStepDefinition.java:66)
	at io.cucumber.core.runner.PickleStepDefinitionMatch.runStep(PickleStepDefinitionMatch.java:63)
	at io.cucumber.core.runner.ExecutionMode$1.execute(ExecutionMode.java:10)
	at io.cucumber.core.runner.TestStep.executeStep(TestStep.java:84)
	at io.cucumber.core.runner.TestStep.run(TestStep.java:56)
	at io.cucumber.core.runner.PickleStepTestStep.run(PickleStepTestStep.java:51)
	at io.cucumber.core.runner.TestCase.run(TestCase.java:84)
	at io.cucumber.core.runner.Runner.runPickle(Runner.java:75)
	at io.cucumber.junit.PickleRunners$NoStepDescriptions.lambda$run$0(PickleRunners.java:151)
	at io.cucumber.core.runtime.CucumberExecutionContext.lambda$runTestCase$5(CucumberExecutionContext.java:130)
	at io.cucumber.core.runtime.RethrowingThrowableCollector.executeAndThrow(RethrowingThrowableCollector.java:23)
	at io.cucumber.core.runtime.CucumberExecutionContext.runTestCase(CucumberExecutionContext.java:130)
	at io.cucumber.junit.PickleRunners$NoStepDescriptions.run(PickleRunners.java:148)
	at io.cucumber.junit.FeatureRunner.runChild(FeatureRunner.java:144)
	at io.cucumber.junit.FeatureRunner.runChild(FeatureRunner.java:28)
	at org.junit.runners.ParentRunner$4.run(ParentRunner.java:331)
	at org.junit.runners.ParentRunner$1.schedule(ParentRunner.java:79)
	at org.junit.runners.ParentRunner.runChildren(ParentRunner.java:329)
	at org.junit.runners.ParentRunner.access$100(ParentRunner.java:66)
	at org.junit.runners.ParentRunner$2.evaluate(ParentRunner.java:293)
	at org.junit.runners.ParentRunner$3.evaluate(ParentRunner.java:306)
	at org.junit.runners.ParentRunner.run(ParentRunner.java:413)
	at io.cucumber.junit.FeatureRunner.run(FeatureRunner.java:137)
	at io.cucumber.junit.CucumberSerenityRunner.runChild(CucumberSerenityRunner.java:259)
	at io.cucumber.junit.CucumberSerenityRunner.runChild(CucumberSerenityRunner.java:59)
	at org.junit.runners.ParentRunner$4.run(ParentRunner.java:331)
	at org.junit.runners.ParentRunner$1.schedule(ParentRunner.java:79)
	at org.junit.runners.ParentRunner.runChildren(ParentRunner.java:329)
	at org.junit.runners.ParentRunner.access$100(ParentRunner.java:66)
	at org.junit.runners.ParentRunner$2.evaluate(ParentRunner.java:293)
	at io.cucumber.junit.CucumberSerenityRunner$RunCucumber.evaluate(CucumberSerenityRunner.java:288)
	at org.junit.runners.ParentRunner$3.evaluate(ParentRunner.java:306)
	at org.junit.runners.ParentRunner.run(ParentRunner.java:413)
	at org.apache.maven.surefire.junit4.JUnit4Provider.execute(JUnit4Provider.java:364)
	at org.apache.maven.surefire.junit4.JUnit4Provider.executeWithRerun(JUnit4Provider.java:272)
	at org.apache.maven.surefire.junit4.JUnit4Provider.executeTestSet(JUnit4Provider.java:237)
	at org.apache.maven.surefire.junit4.JUnit4Provider.invoke(JUnit4Provider.java:158)
	at org.apache.maven.surefire.booter.ForkedBooter.runSuitesInProcess(ForkedBooter.java:428)
	at org.apache.maven.surefire.booter.ForkedBooter.execute(ForkedBooter.java:162)
	at org.apache.maven.surefire.booter.ForkedBooter.run(ForkedBooter.java:562)
	at org.apache.maven.surefire.booter.ForkedBooter.main(ForkedBooter.java:548)
Caused by: net.thucydides.core.webdriver.DriverConfigurationError: WebDriver was unable to create a new instance of type class net.thucydides.core.webdriver.ProvidedDriver
WebDriver reported the following message: Could not instantiate the custom webdriver provider of type mydriver
See below for more details.
	at net.thucydides.core.webdriver.WebDriverFactory.newWebdriverInstance(WebDriverFactory.java:150)
	at net.thucydides.core.webdriver.WebDriverFacade.newDriverInstance(WebDriverFacade.java:161)
	... 71 common frames omitted
Caused by: java.lang.RuntimeException: Could not instantiate the custom webdriver provider of type mydriver
	at net.serenitybdd.core.webdriver.driverproviders.ProvidedDriverProvider.newInstance(ProvidedDriverProvider.java:24)
	at net.thucydides.core.webdriver.WebDriverFactory.createWebDriver(WebDriverFactory.java:162)
	at net.thucydides.core.webdriver.WebDriverFactory.newWebdriverInstance(WebDriverFactory.java:140)
	... 72 common frames omitted
Caused by: java.lang.RuntimeException: No se pudo inicializar AndroidDriver
	at ExamMobile@1.0-SNAPSHOT/com.nttdata.utils.AppiumConfig.newDriver(AppiumConfig.java:24)
	at net.serenitybdd.core.webdriver.driverproviders.ProvidedDriverProvider.newInstance(ProvidedDriverProvider.java:22)
	... 74 common frames omitted
Caused by: java.lang.IllegalArgumentException: Unknown HttpClient factory netty
	at org.openqa.selenium.remote.http.HttpClient$Factory.create(HttpClient.java:57)
	at org.openqa.selenium.remote.http.HttpClient$Factory.createDefault(HttpClient.java:73)
	at io.appium.java_client.remote.AppiumCommandExecutor.<init>(AppiumCommandExecutor.java:108)
	at io.appium.java_client.AppiumDriver.<init>(AppiumDriver.java:101)
	at io.appium.java_client.android.AndroidDriver.<init>(AndroidDriver.java:113)
	at ExamMobile@1.0-SNAPSHOT/com.nttdata.utils.AppiumConfig.newDriver(AppiumConfig.java:22)
	... 75 common frames omitted
  &amp#27;[31mGiven &amp#27;[0m&amp#27;[31mestoy en la aplicaciÃ³n de SauceLabs&amp#27;[0m                        &amp#27;[90m# com.nttdata.stepsdefinitions.CarritoStepsDef.estoyEnLaAplicacionDeSauceLabs()&amp#27;[0m
      &amp#27;[31mnet.thucydides.core.pages.WrongPageError: The page object class com.nttdata.screens.CartScreen could not be instantiated:
Failed to instantiate page (net.thucydides.core.webdriver.DriverConfigurationError: Could not instantiate class net.thucydides.core.webdriver.ProvidedDriver)
	at net.thucydides.core.pages.PageFactory.thisPageObjectLooksDodgy(PageFactory.java:103)
	at net.thucydides.core.pages.PageFactory.createPageOfType(PageFactory.java:54)
	at net.thucydides.core.steps.PageObjectDependencyInjector.instantiatePageObjectIfNotAssigned(PageObjectDependencyInjector.java:83)
	at net.thucydides.core.steps.PageObjectDependencyInjector.injectDependenciesInto(PageObjectDependencyInjector.java:50)
	at net.thucydides.core.steps.StepFactory.injectOtherDependenciesInto(StepFactory.java:206)
	at net.thucydides.core.steps.StepFactory.instantiateNewStepLibraryFor(StepFactory.java:196)
	at net.thucydides.core.steps.StepFactory.instantiateNewStepLibraryFor(StepFactory.java:177)
	at net.thucydides.core.steps.StepFactory.getNewStepLibraryFor(StepFactory.java:124)
	at net.thucydides.core.steps.IndividualInstancesByDefaultStepCreationStrategy.initiateStepsFor(IndividualInstancesByDefaultStepCreationStrategy.java:16)
	at net.thucydides.core.steps.StepAnnotations.instantiateAnyUnitiaializedSteps(StepAnnotations.java:89)
	at net.thucydides.core.steps.StepAnnotations.instanciateScenarioStepFields(StepAnnotations.java:70)
	at net.thucydides.core.steps.StepAnnotations.injectScenarioStepsInto(StepAnnotations.java:52)
	at net.serenitybdd.core.Serenity.injectScenarioStepsInto(Serenity.java:148)
	at net.serenitybdd.core.Serenity.initializeWithNoStepListener(Serenity.java:112)
	at cucumber.runtime.SerenityObjectFactory.newInstance(SerenityObjectFactory.java:76)
	at cucumber.runtime.SerenityObjectFactory.cacheNewInstance(SerenityObjectFactory.java:59)
	at cucumber.runtime.SerenityObjectFactory.getInstance(SerenityObjectFactory.java:49)
	at io.cucumber.java.AbstractGlueDefinition.invokeMethod(AbstractGlueDefinition.java:47)
	at io.cucumber.java.JavaStepDefinition.execute(JavaStepDefinition.java:29)
	at io.cucumber.core.runner.CoreStepDefinition.execute(CoreStepDefinition.java:66)
	at io.cucumber.core.runner.PickleStepDefinitionMatch.runStep(PickleStepDefinitionMatch.java:63)
	at io.cucumber.core.runner.ExecutionMode$1.execute(ExecutionMode.java:10)
	at io.cucumber.core.runner.TestStep.executeStep(TestStep.java:84)
	at io.cucumber.core.runner.TestStep.run(TestStep.java:56)
	at io.cucumber.core.runner.PickleStepTestStep.run(PickleStepTestStep.java:51)
	at io.cucumber.core.runner.TestCase.run(TestCase.java:84)
	at io.cucumber.core.runner.Runner.runPickle(Runner.java:75)
	at io.cucumber.junit.PickleRunners$NoStepDescriptions.lambda$run$0(PickleRunners.java:151)
	at io.cucumber.core.runtime.CucumberExecutionContext.lambda$runTestCase$5(CucumberExecutionContext.java:130)
	at io.cucumber.core.runtime.RethrowingThrowableCollector.executeAndThrow(RethrowingThrowableCollector.java:23)
	at io.cucumber.core.runtime.CucumberExecutionContext.runTestCase(CucumberExecutionContext.java:130)
	at io.cucumber.junit.PickleRunners$NoStepDescriptions.run(PickleRunners.java:148)
	at io.cucumber.junit.FeatureRunner.runChild(FeatureRunner.java:144)
	at io.cucumber.junit.FeatureRunner.runChild(FeatureRunner.java:28)
	at org.junit.runners.ParentRunner$4.run(ParentRunner.java:331)
	at org.junit.runners.ParentRunner$1.schedule(ParentRunner.java:79)
	at org.junit.runners.ParentRunner.runChildren(ParentRunner.java:329)
	at org.junit.runners.ParentRunner.access$100(ParentRunner.java:66)
	at org.junit.runners.ParentRunner$2.evaluate(ParentRunner.java:293)
	at org.junit.runners.ParentRunner$3.evaluate(ParentRunner.java:306)
	at org.junit.runners.ParentRunner.run(ParentRunner.java:413)
	at io.cucumber.junit.FeatureRunner.run(FeatureRunner.java:137)
	at io.cucumber.junit.CucumberSerenityRunner.runChild(CucumberSerenityRunner.java:259)
	at io.cucumber.junit.CucumberSerenityRunner.runChild(CucumberSerenityRunner.java:59)
	at org.junit.runners.ParentRunner$4.run(ParentRunner.java:331)
	at org.junit.runners.ParentRunner$1.schedule(ParentRunner.java:79)
	at org.junit.runners.ParentRunner.runChildren(ParentRunner.java:329)
	at org.junit.runners.ParentRunner.access$100(ParentRunner.java:66)
	at org.junit.runners.ParentRunner$2.evaluate(ParentRunner.java:293)
	at io.cucumber.junit.CucumberSerenityRunner$RunCucumber.evaluate(CucumberSerenityRunner.java:288)
	at org.junit.runners.ParentRunner$3.evaluate(ParentRunner.java:306)
	at org.junit.runners.ParentRunner.run(ParentRunner.java:413)
	at org.apache.maven.surefire.junit4.JUnit4Provider.execute(JUnit4Provider.java:364)
	at org.apache.maven.surefire.junit4.JUnit4Provider.executeWithRerun(JUnit4Provider.java:272)
	at org.apache.maven.surefire.junit4.JUnit4Provider.executeTestSet(JUnit4Provider.java:237)
	at org.apache.maven.surefire.junit4.JUnit4Provider.invoke(JUnit4Provider.java:158)
	at org.apache.maven.surefire.booter.ForkedBooter.runSuitesInProcess(ForkedBooter.java:428)
	at org.apache.maven.surefire.booter.ForkedBooter.execute(ForkedBooter.java:162)
	at org.apache.maven.surefire.booter.ForkedBooter.run(ForkedBooter.java:562)
	at org.apache.maven.surefire.booter.ForkedBooter.main(ForkedBooter.java:548)
&amp#27;[0m
  &amp#27;[36mWhen &amp#27;[0m&amp#27;[36minicio sesion en la aplicacion&amp#27;[0m                              &amp#27;[90m# com.nttdata.stepsdefinitions.CarritoStepsDef.inicioSesionEnLaAplicacion()&amp#27;[0m
  &amp#27;[36mAnd &amp#27;[0m&amp#27;[36mvalido que carguen correctamente los productos en la galeria&amp#27;[0m &amp#27;[90m# com.nttdata.stepsdefinitions.CarritoStepsDef.validoQueCaguenCorrectamenteLosProductos()&amp#27;[0m
  &amp#27;[36mAnd &amp#27;[0m&amp#27;[36magrego &amp#27;[0m&amp#27;[36m&amp#27;[1m1&amp#27;[0m&amp#27;[36m del siguiente producto &amp#27;[0m&amp#27;[36m&amp#27;[1m"Sauce Labs Backpack"&amp#27;[0m        &amp#27;[90m# com.nttdata.stepsdefinitions.CarritoStepsDef.agregoProductoAlCarrito(int,java.lang.String)&amp#27;[0m
  &amp#27;[36mThen &amp#27;[0m&amp#27;[36mvalido el carrito de compra actualice correctamente&amp#27;[0m         &amp#27;[90m# com.nttdata.stepsdefinitions.CarritoStepsDef.validoElCarritoDeCompra()&amp#27;[0m
]]></system-out>
  </testcase>
</testsuite>