<?xml version="1.0" encoding="UTF-8" standalone="no"?><testsuite errors="0" failures="1" name="Validar funcionalidad del carrito de compras" skipped="0" tests="1" time="4.48" timestamp="2024-12-20 08:49:05"><testcase name="Agregar productos al carrito de compras"><failure message="The page object class com.nttdata.screens.CartScreen could not be instantiated:&#10;Failed to instantiate page (net.thucydides.core.webdriver.DriverConfigurationError: Could not instantiate class io.appium.java_client.AppiumDriver)" type="net.thucydides.core.pages.WrongPageError">The page object class com.nttdata.screens.CartScreen could not be instantiated:
Failed to instantiate page (net.thucydides.core.webdriver.DriverConfigurationError: Could not instantiate class io.appium.java_client.AppiumDriver)</failure><system-err>The page object class com.nttdata.screens.CartScreen could not be instantiated:
Failed to instantiate page (net.thucydides.core.webdriver.DriverConfigurationError: Could not instantiate class io.appium.java_client.AppiumDriver)&#13;
io.cucumber.java.AbstractGlueDefinition.invokeMethod(AbstractGlueDefinition.java:47)&#13;
io.cucumber.java.JavaStepDefinition.execute(JavaStepDefinition.java:29)&#13;
io.cucumber.core.runner.CoreStepDefinition.execute(CoreStepDefinition.java:66)&#13;
io.cucumber.core.runner.PickleStepDefinitionMatch.runStep(PickleStepDefinitionMatch.java:63)&#13;
io.cucumber.core.runner.TestStep.executeStep(TestStep.java:84)&#13;
io.cucumber.core.runner.TestStep.run(TestStep.java:56)&#13;
io.cucumber.core.runner.PickleStepTestStep.run(PickleStepTestStep.java:51)&#13;
io.cucumber.core.runner.TestCase.run(TestCase.java:84)&#13;
io.cucumber.core.runner.Runner.runPickle(Runner.java:75)&#13;
io.cucumber.core.runtime.CucumberExecutionContext.lambda$runTestCase$5(CucumberExecutionContext.java:130)&#13;
io.cucumber.core.runtime.RethrowingThrowableCollector.executeAndThrow(RethrowingThrowableCollector.java:23)&#13;
io.cucumber.core.runtime.CucumberExecutionContext.runTestCase(CucumberExecutionContext.java:130)&#13;
io.cucumber.junit.FeatureRunner.runChild(FeatureRunner.java:144)&#13;
io.cucumber.junit.FeatureRunner.runChild(FeatureRunner.java:28)&#13;
io.cucumber.junit.FeatureRunner.run(FeatureRunner.java:137)&#13;
io.cucumber.junit.CucumberSerenityRunner.runChild(CucumberSerenityRunner.java:259)&#13;
io.cucumber.junit.CucumberSerenityRunner.runChild(CucumberSerenityRunner.java:59)&#13;
org.eclipse.jdt.internal.junit4.runner.JUnit4TestReference.run(JUnit4TestReference.java:93)&#13;
org.eclipse.jdt.internal.junit.runner.TestExecution.run(TestExecution.java:40)&#13;
org.eclipse.jdt.internal.junit.runner.RemoteTestRunner.runTests(RemoteTestRunner.java:520)&#13;
org.eclipse.jdt.internal.junit.runner.RemoteTestRunner.runTests(RemoteTestRunner.java:748)&#13;
org.eclipse.jdt.internal.junit.runner.RemoteTestRunner.run(RemoteTestRunner.java:443)&#13;
org.eclipse.jdt.internal.junit.runner.RemoteTestRunner.main(RemoteTestRunner.java:211)&#13;
</system-err></testcase></testsuite>